<?xml version="1.0" encoding="UTF-8"?>
<testng-results ignored="0" total="7" passed="7" failed="0" skipped="0">
  <reporter-output>
  </reporter-output>
  <suite started-at="2022-04-03T20:10:39 AEST" name="Default suite" finished-at="2022-04-03T20:12:01 AEST" duration-ms="82600">
    <groups>
      <group name="cucumber">
        <method signature="AbstractTestNGCucumberTests.runScenario(io.cucumber.testng.PickleWrapper,io.cucumber.testng.FeatureWrapper)[pri:0, instance:StepDefinition.TestRunner@46cdf8bd]" name="runScenario" class="io.cucumber.testng.AbstractTestNGCucumberTests"/>
      </group> <!-- cucumber -->
    </groups>
    <test started-at="2022-04-03T20:10:39 AEST" name="Default test" finished-at="2022-04-03T20:12:01 AEST" duration-ms="82600">
      <class name="StepDefinition.TestRunner">
        <test-method is-config="true" signature="setUpClass(org.testng.ITestContext)[pri:0, instance:StepDefinition.TestRunner@46cdf8bd]" started-at="2022-04-03T20:10:39 AEST" name="setUpClass" finished-at="2022-04-03T20:10:39 AEST" duration-ms="448" status="PASS">
          <params>
            <param index="0">
              <value>
                <![CDATA[org.testng.TestRunner@3214bad]]>
              </value>
            </param>
          </params>
          <reporter-output>
          </reporter-output>
        </test-method> <!-- setUpClass -->
        <test-method signature="runScenario(io.cucumber.testng.PickleWrapper,io.cucumber.testng.FeatureWrapper)[pri:0, instance:StepDefinition.TestRunner@46cdf8bd]" started-at="2022-04-03T20:10:39 AEST" name="runScenario" description="Runs Cucumber Scenarios" data-provider="scenarios" finished-at="2022-04-03T20:10:50 AEST" duration-ms="11330" status="PASS">
          <params>
            <param index="0">
              <value>
                <![CDATA["Testing the mandatory fields errors in the contact page."]]>
              </value>
            </param>
            <param index="1">
              <value>
                <![CDATA["Optional[Testing Jupiter Toys website]"]]>
              </value>
            </param>
          </params>
          <reporter-output>
          </reporter-output>
        </test-method> <!-- runScenario -->
        <test-method signature="runScenario(io.cucumber.testng.PickleWrapper,io.cucumber.testng.FeatureWrapper)[pri:0, instance:StepDefinition.TestRunner@46cdf8bd]" started-at="2022-04-03T20:10:50 AEST" name="runScenario" description="Runs Cucumber Scenarios" data-provider="scenarios" finished-at="2022-04-03T20:11:04 AEST" duration-ms="13842" status="PASS">
          <params>
            <param index="0">
              <value>
                <![CDATA["Verify user is able to successfully submit feedbacks."]]>
              </value>
            </param>
            <param index="1">
              <value>
                <![CDATA["Optional[Testing Jupiter Toys website]"]]>
              </value>
            </param>
          </params>
          <reporter-output>
          </reporter-output>
        </test-method> <!-- runScenario -->
        <test-method signature="runScenario(io.cucumber.testng.PickleWrapper,io.cucumber.testng.FeatureWrapper)[pri:0, instance:StepDefinition.TestRunner@46cdf8bd]" started-at="2022-04-03T20:11:04 AEST" name="runScenario" description="Runs Cucumber Scenarios" data-provider="scenarios" finished-at="2022-04-03T20:11:14 AEST" duration-ms="9975" status="PASS">
          <params>
            <param index="0">
              <value>
                <![CDATA["Verify user is able to successfully submit feedbacks."]]>
              </value>
            </param>
            <param index="1">
              <value>
                <![CDATA["Optional[Testing Jupiter Toys website]"]]>
              </value>
            </param>
          </params>
          <reporter-output>
          </reporter-output>
        </test-method> <!-- runScenario -->
        <test-method signature="runScenario(io.cucumber.testng.PickleWrapper,io.cucumber.testng.FeatureWrapper)[pri:0, instance:StepDefinition.TestRunner@46cdf8bd]" started-at="2022-04-03T20:11:14 AEST" name="runScenario" description="Runs Cucumber Scenarios" data-provider="scenarios" finished-at="2022-04-03T20:11:24 AEST" duration-ms="9894" status="PASS">
          <params>
            <param index="0">
              <value>
                <![CDATA["Verify user is able to successfully submit feedbacks."]]>
              </value>
            </param>
            <param index="1">
              <value>
                <![CDATA["Optional[Testing Jupiter Toys website]"]]>
              </value>
            </param>
          </params>
          <reporter-output>
          </reporter-output>
        </test-method> <!-- runScenario -->
        <test-method signature="runScenario(io.cucumber.testng.PickleWrapper,io.cucumber.testng.FeatureWrapper)[pri:0, instance:StepDefinition.TestRunner@46cdf8bd]" started-at="2022-04-03T20:11:24 AEST" name="runScenario" description="Runs Cucumber Scenarios" data-provider="scenarios" finished-at="2022-04-03T20:11:34 AEST" duration-ms="9929" status="PASS">
          <params>
            <param index="0">
              <value>
                <![CDATA["Verify user is able to successfully submit feedbacks."]]>
              </value>
            </param>
            <param index="1">
              <value>
                <![CDATA["Optional[Testing Jupiter Toys website]"]]>
              </value>
            </param>
          </params>
          <reporter-output>
          </reporter-output>
        </test-method> <!-- runScenario -->
        <test-method signature="runScenario(io.cucumber.testng.PickleWrapper,io.cucumber.testng.FeatureWrapper)[pri:0, instance:StepDefinition.TestRunner@46cdf8bd]" started-at="2022-04-03T20:11:34 AEST" name="runScenario" description="Runs Cucumber Scenarios" data-provider="scenarios" finished-at="2022-04-03T20:11:47 AEST" duration-ms="13426" status="PASS">
          <params>
            <param index="0">
              <value>
                <![CDATA["Verify user is able to successfully submit feedbacks."]]>
              </value>
            </param>
            <param index="1">
              <value>
                <![CDATA["Optional[Testing Jupiter Toys website]"]]>
              </value>
            </param>
          </params>
          <reporter-output>
          </reporter-output>
        </test-method> <!-- runScenario -->
        <test-method signature="runScenario(io.cucumber.testng.PickleWrapper,io.cucumber.testng.FeatureWrapper)[pri:0, instance:StepDefinition.TestRunner@46cdf8bd]" started-at="2022-04-03T20:11:47 AEST" name="runScenario" description="Runs Cucumber Scenarios" data-provider="scenarios" finished-at="2022-04-03T20:12:01 AEST" duration-ms="13642" status="PASS">
          <params>
            <param index="0">
              <value>
                <![CDATA["Verify that the user can buy multiple products and in the cart, individual price, subtotal price, and total prices are correct."]]>
              </value>
            </param>
            <param index="1">
              <value>
                <![CDATA["Optional[Testing Jupiter Toys website]"]]>
              </value>
            </param>
          </params>
          <reporter-output>
          </reporter-output>
        </test-method> <!-- runScenario -->
        <test-method is-config="true" signature="tearDownClass()[pri:0, instance:StepDefinition.TestRunner@46cdf8bd]" started-at="2022-04-03T20:12:01 AEST" name="tearDownClass" finished-at="2022-04-03T20:12:01 AEST" duration-ms="57" status="PASS">
          <reporter-output>
          </reporter-output>
        </test-method> <!-- tearDownClass -->
      </class> <!-- StepDefinition.TestRunner -->
    </test> <!-- Default test -->
  </suite> <!-- Default suite -->
</testng-results>
